<?xml version="1.0" encoding="UTF-8"?>
<testsuite xmlns:xsi="http://www.w3.org/2001/XMLSchema-instance" xsi:noNamespaceSchemaLocation="https://maven.apache.org/surefire/maven-surefire-plugin/xsd/surefire-test-report-3.0.xsd" version="3.0" name="com.hydroyura.prodms.gateway.server.ServerTest" time="6.027" tests="1" errors="0" skipped="0" failures="0">
  <properties>
[...]
</properties>
  <testcase name="contextLoad" classname="com.hydroyura.prodms.gateway.server.ServerTest" time="1.334">
    <system-out><![CDATA[Standard Commons Logging discovery in action with spring-jcl: please remove commons-logging.jar from classpath in order to avoid potential conflicts
21:48:44.637 [main] INFO org.springframework.test.context.support.AnnotationConfigContextLoaderUtils -- Could not detect default configuration classes for test class [com.hydroyura.prodms.gateway.server.ServerTest]: ServerTest does not declare any static, non-private, non-final, nested classes annotated with @Configuration.
21:48:44.738 [main] INFO org.springframework.boot.test.context.SpringBootTestContextBootstrapper -- Found @SpringBootConfiguration com.hydroyura.prodms.gateway.server.Server for test class com.hydroyura.prodms.gateway.server.ServerTest
21:48:45.461 [MockServer-EventLog0] INFO org.mockserver.log.MockServerEventLog -- 8089 started on port: 8089
21:48:45.474 [MockServer-EventLog3] INFO org.mockserver.log.MockServerEventLog -- 8088 started on port: 8088

  .   ____          _            __ _ _
 /\\ / ___'_ __ _ _(_)_ __  __ _ \ \ \ \
( ( )\___ | '_ | '_| | '_ \/ _` | \ \ \ \
 \\/  ___)| |_)| | | | | || (_| |  ) ) ) )
  '  |____| .__|_| |_|_| |_\__, | / / / /
 =========|_|==============|___/=/_/_/_/

 :: Spring Boot ::                (v3.3.8)

2025-02-12T21:48:45.889+03:00  INFO 55788 --- [           main] c.h.prodms.gateway.server.ServerTest     : Starting ServerTest using Java 17.0.13 with PID 55788 (started by yury in /home/yury/projects/prodms/gateway/server)
2025-02-12T21:48:45.894+03:00  INFO 55788 --- [           main] c.h.prodms.gateway.server.ServerTest     : No active profile set, falling back to 1 default profile: "default"
2025-02-12T21:48:47.018+03:00  INFO 55788 --- [           main] o.s.cloud.context.scope.GenericScope     : BeanFactory id=0506daf7-0225-365a-8edb-d4ccb94770f9
2025-02-12T21:48:47.663+03:00  WARN 55788 --- [           main] o.s.b.a.m.MustacheAutoConfiguration      : Cannot find template location: classpath:/templates/ (please add some templates, check your Mustache configuration, or set spring.mustache.check-template-location=false)
2025-02-12T21:48:48.066+03:00  INFO 55788 --- [           main] o.s.c.g.r.RouteDefinitionRouteLocator    : Loaded RoutePredicateFactory [After]
2025-02-12T21:48:48.066+03:00  INFO 55788 --- [           main] o.s.c.g.r.RouteDefinitionRouteLocator    : Loaded RoutePredicateFactory [Before]
2025-02-12T21:48:48.066+03:00  INFO 55788 --- [           main] o.s.c.g.r.RouteDefinitionRouteLocator    : Loaded RoutePredicateFactory [Between]
2025-02-12T21:48:48.066+03:00  INFO 55788 --- [           main] o.s.c.g.r.RouteDefinitionRouteLocator    : Loaded RoutePredicateFactory [Cookie]
2025-02-12T21:48:48.066+03:00  INFO 55788 --- [           main] o.s.c.g.r.RouteDefinitionRouteLocator    : Loaded RoutePredicateFactory [Header]
2025-02-12T21:48:48.067+03:00  INFO 55788 --- [           main] o.s.c.g.r.RouteDefinitionRouteLocator    : Loaded RoutePredicateFactory [Host]
2025-02-12T21:48:48.067+03:00  INFO 55788 --- [           main] o.s.c.g.r.RouteDefinitionRouteLocator    : Loaded RoutePredicateFactory [Method]
2025-02-12T21:48:48.067+03:00  INFO 55788 --- [           main] o.s.c.g.r.RouteDefinitionRouteLocator    : Loaded RoutePredicateFactory [Path]
2025-02-12T21:48:48.067+03:00  INFO 55788 --- [           main] o.s.c.g.r.RouteDefinitionRouteLocator    : Loaded RoutePredicateFactory [Query]
2025-02-12T21:48:48.067+03:00  INFO 55788 --- [           main] o.s.c.g.r.RouteDefinitionRouteLocator    : Loaded RoutePredicateFactory [ReadBody]
2025-02-12T21:48:48.067+03:00  INFO 55788 --- [           main] o.s.c.g.r.RouteDefinitionRouteLocator    : Loaded RoutePredicateFactory [RemoteAddr]
2025-02-12T21:48:48.067+03:00  INFO 55788 --- [           main] o.s.c.g.r.RouteDefinitionRouteLocator    : Loaded RoutePredicateFactory [XForwardedRemoteAddr]
2025-02-12T21:48:48.067+03:00  INFO 55788 --- [           main] o.s.c.g.r.RouteDefinitionRouteLocator    : Loaded RoutePredicateFactory [Weight]
2025-02-12T21:48:48.067+03:00  INFO 55788 --- [           main] o.s.c.g.r.RouteDefinitionRouteLocator    : Loaded RoutePredicateFactory [CloudFoundryRouteService]
2025-02-12T21:48:48.465+03:00  INFO 55788 --- [           main] o.s.b.a.e.web.EndpointLinksResolver      : Exposing 1 endpoint beneath base path '/actuator'
2025-02-12T21:48:48.829+03:00  INFO 55788 --- [           main] o.s.b.web.embedded.netty.NettyWebServer  : Netty started on port 38967 (http)
2025-02-12T21:48:48.926+03:00  INFO 55788 --- [           main] c.h.prodms.gateway.server.ServerTest     : Started ServerTest in 3.423 seconds (process running for 4.964)
2025-02-12T21:48:49.926+03:00  INFO 55788 --- [erver-EventLog0] org.mockserver.log.MockServerEventLog    : 8089 creating expectation:

  {
    "httpRequest" : {
      "method" : "GET",
      "path" : "/api/v1/units/test-number-1",
      "headers" : {
        "content-type" : [ "application/json" ]
      }
    },
    "httpResponse" : {
      "statusCode" : 200,
      "headers" : {
        "content-type" : [ "application/json" ]
      },
      "body" : "{\"id\":\"2bb40b5e-0854-4cab-b625-e371e59a8775\",\"timestamp\":null,\"data\":{\"number\":\"test-number-1\",\"name\":null,\"type\":\"PART\",\"status\":\"DESIGN\",\"version\":1,\"createdAt\":null,\"updatedAt\":null,\"additional\":null,\"history\":null},\"warnings\":[],\"errors\":[]}"
    },
    "id" : "d55b225c-00bd-4e6f-bdb9-5377971db116",
    "priority" : 0,
    "timeToLive" : {
      "unlimited" : true
    },
    "times" : {
      "unlimited" : true
    }
  }

 with id:

  d55b225c-00bd-4e6f-bdb9-5377971db116

2025-02-12T21:48:50.082+03:00  INFO 55788 --- [ux-http-epoll-2] c.h.p.g.s.s.f.global.LogGlobalFilter     : Got [GET] request with id = [d1e11217-1] to uri = [http://localhost:38967/api/v1/units/test-number-1] at ts = [1739386130]
2025-02-12T21:48:50.115+03:00  INFO 55788 --- [erver-EventLog0] org.mockserver.log.MockServerEventLog    : 8089 received request:

  {
    "method" : "GET",
    "path" : "/api/v1/units/test-number-1",
    "headers" : {
      "user-agent" : [ "ReactorNetty/1.1.26" ],
      "host" : [ "localhost:8089" ],
      "content-length" : [ "0" ],
      "accept-encoding" : [ "gzip" ],
      "accept" : [ "*/*" ],
      "X-Forwarded-Proto" : [ "http" ],
      "X-Forwarded-Port" : [ "38967" ],
      "X-Forwarded-Host" : [ "localhost:38967" ],
      "X-Forwarded-For" : [ "127.0.0.1" ],
      "WebTestClient-Request-Id" : [ "1" ],
      "Forwarded" : [ "proto=http;host=\"localhost:38967\";for=\"127.0.0.1:59144\"" ],
      "Content-Type" : [ "application/json" ]
    },
    "keepAlive" : true,
    "secure" : false,
    "protocol" : "HTTP_1_1",
    "localAddress" : "127.0.0.1:8089",
    "remoteAddress" : "127.0.0.1:36772"
  }

2025-02-12T21:48:50.118+03:00  INFO 55788 --- [erver-EventLog0] org.mockserver.log.MockServerEventLog    : 8089 request:

  {
    "method" : "GET",
    "path" : "/api/v1/units/test-number-1",
    "headers" : {
      "user-agent" : [ "ReactorNetty/1.1.26" ],
      "host" : [ "localhost:8089" ],
      "content-length" : [ "0" ],
      "accept-encoding" : [ "gzip" ],
      "accept" : [ "*/*" ],
      "X-Forwarded-Proto" : [ "http" ],
      "X-Forwarded-Port" : [ "38967" ],
      "X-Forwarded-Host" : [ "localhost:38967" ],
      "X-Forwarded-For" : [ "127.0.0.1" ],
      "WebTestClient-Request-Id" : [ "1" ],
      "Forwarded" : [ "proto=http;host=\"localhost:38967\";for=\"127.0.0.1:59144\"" ],
      "Content-Type" : [ "application/json" ]
    },
    "keepAlive" : true,
    "secure" : false,
    "protocol" : "HTTP_1_1",
    "localAddress" : "127.0.0.1:8089",
    "remoteAddress" : "127.0.0.1:36772"
  }

 matched expectation:

  {
    "httpRequest" : {
      "method" : "GET",
      "path" : "/api/v1/units/test-number-1",
      "headers" : {
        "content-type" : [ "application/json" ]
      }
    },
    "httpResponse" : {
      "statusCode" : 200,
      "headers" : {
        "content-type" : [ "application/json" ]
      },
      "body" : "{\"id\":\"2bb40b5e-0854-4cab-b625-e371e59a8775\",\"timestamp\":null,\"data\":{\"number\":\"test-number-1\",\"name\":null,\"type\":\"PART\",\"status\":\"DESIGN\",\"version\":1,\"createdAt\":null,\"updatedAt\":null,\"additional\":null,\"history\":null},\"warnings\":[],\"errors\":[]}"
    },
    "id" : "d55b225c-00bd-4e6f-bdb9-5377971db116",
    "priority" : 0,
    "timeToLive" : {
      "unlimited" : true
    },
    "times" : {
      "unlimited" : true
    }
  }

2025-02-12T21:48:50.121+03:00  INFO 55788 --- [erver-EventLog0] org.mockserver.log.MockServerEventLog    : 8089 returning response:

  {
    "statusCode" : 200,
    "headers" : {
      "content-type" : [ "application/json" ]
    },
    "body" : "{\"id\":\"2bb40b5e-0854-4cab-b625-e371e59a8775\",\"timestamp\":null,\"data\":{\"number\":\"test-number-1\",\"name\":null,\"type\":\"PART\",\"status\":\"DESIGN\",\"version\":1,\"createdAt\":null,\"updatedAt\":null,\"additional\":null,\"history\":null},\"warnings\":[],\"errors\":[]}"
  }

 for request:

  {
    "method" : "GET",
    "path" : "/api/v1/units/test-number-1",
    "headers" : {
      "user-agent" : [ "ReactorNetty/1.1.26" ],
      "host" : [ "localhost:8089" ],
      "content-length" : [ "0" ],
      "accept-encoding" : [ "gzip" ],
      "accept" : [ "*/*" ],
      "X-Forwarded-Proto" : [ "http" ],
      "X-Forwarded-Port" : [ "38967" ],
      "X-Forwarded-Host" : [ "localhost:38967" ],
      "X-Forwarded-For" : [ "127.0.0.1" ],
      "WebTestClient-Request-Id" : [ "1" ],
      "Forwarded" : [ "proto=http;host=\"localhost:38967\";for=\"127.0.0.1:59144\"" ],
      "Content-Type" : [ "application/json" ]
    },
    "keepAlive" : true,
    "secure" : false,
    "protocol" : "HTTP_1_1",
    "localAddress" : "127.0.0.1:8089",
    "remoteAddress" : "127.0.0.1:36772"
  }

 for action:

  {
    "statusCode" : 200,
    "headers" : {
      "content-type" : [ "application/json" ]
    },
    "body" : "{\"id\":\"2bb40b5e-0854-4cab-b625-e371e59a8775\",\"timestamp\":null,\"data\":{\"number\":\"test-number-1\",\"name\":null,\"type\":\"PART\",\"status\":\"DESIGN\",\"version\":1,\"createdAt\":null,\"updatedAt\":null,\"additional\":null,\"history\":null},\"warnings\":[],\"errors\":[]}"
  }

 from expectation:

  d55b225c-00bd-4e6f-bdb9-5377971db116

2025-02-12T21:48:50.204+03:00 ERROR 55788 --- [or-http-epoll-3] a.w.r.e.AbstractErrorWebExceptionHandler : [d1e11217-1]  500 Server Error for HTTP GET "/api/v1/units/test-number-1"

org.springframework.web.reactive.function.client.WebClientRequestException: finishConnect(..) failed: Connection refused: localhost/127.0.0.1:8085
	at org.springframework.web.reactive.function.client.ExchangeFunctions$DefaultExchangeFunction.lambda$wrapException$9(ExchangeFunctions.java:136) ~[spring-webflux-6.1.16.jar:6.1.16]
	Suppressed: reactor.core.publisher.FluxOnAssembly$OnAssemblyException: 
Error has been observed at the following site(s):
	*__checkpoint ⇢ Request to GET http://localhost:8085/api/v1/drawings/test-number-1 [DefaultWebClient]
	*__checkpoint ⇢ org.springframework.cloud.gateway.filter.WeightCalculatorWebFilter [DefaultWebFilterChain]
	*__checkpoint ⇢ HTTP GET "/api/v1/units/test-number-1" [ExceptionHandlingWebHandler]
Original Stack Trace:
		at org.springframework.web.reactive.function.client.ExchangeFunctions$DefaultExchangeFunction.lambda$wrapException$9(ExchangeFunctions.java:136) ~[spring-webflux-6.1.16.jar:6.1.16]
		at reactor.core.publisher.MonoErrorSupplied.subscribe(MonoErrorSupplied.java:55) ~[reactor-core-3.6.13.jar:3.6.13]
		at reactor.core.publisher.Mono.subscribe(Mono.java:4576) ~[reactor-core-3.6.13.jar:3.6.13]
		at reactor.core.publisher.FluxOnErrorResume$ResumeSubscriber.onError(FluxOnErrorResume.java:103) ~[reactor-core-3.6.13.jar:3.6.13]
		at reactor.core.publisher.FluxPeek$PeekSubscriber.onError(FluxPeek.java:222) ~[reactor-core-3.6.13.jar:3.6.13]
		at reactor.core.publisher.FluxPeek$PeekSubscriber.onError(FluxPeek.java:222) ~[reactor-core-3.6.13.jar:3.6.13]
		at reactor.core.publisher.FluxPeek$PeekSubscriber.onError(FluxPeek.java:222) ~[reactor-core-3.6.13.jar:3.6.13]
		at reactor.core.publisher.MonoNext$NextSubscriber.onError(MonoNext.java:93) ~[reactor-core-3.6.13.jar:3.6.13]
		at reactor.core.publisher.MonoFlatMapMany$FlatMapManyMain.onError(MonoFlatMapMany.java:205) ~[reactor-core-3.6.13.jar:3.6.13]
		at reactor.core.publisher.SerializedSubscriber.onError(SerializedSubscriber.java:124) ~[reactor-core-3.6.13.jar:3.6.13]
		at reactor.core.publisher.FluxRetryWhen$RetryWhenMainSubscriber.whenError(FluxRetryWhen.java:229) ~[reactor-core-3.6.13.jar:3.6.13]
		at reactor.core.publisher.FluxRetryWhen$RetryWhenOtherSubscriber.onError(FluxRetryWhen.java:279) ~[reactor-core-3.6.13.jar:3.6.13]
		at reactor.core.publisher.FluxContextWrite$ContextWriteSubscriber.onError(FluxContextWrite.java:121) ~[reactor-core-3.6.13.jar:3.6.13]
		at reactor.core.publisher.FluxConcatMapNoPrefetch$FluxConcatMapNoPrefetchSubscriber.maybeOnError(FluxConcatMapNoPrefetch.java:327) ~[reactor-core-3.6.13.jar:3.6.13]
		at reactor.core.publisher.FluxConcatMapNoPrefetch$FluxConcatMapNoPrefetchSubscriber.onNext(FluxConcatMapNoPrefetch.java:212) ~[reactor-core-3.6.13.jar:3.6.13]
		at reactor.core.publisher.FluxContextWrite$ContextWriteSubscriber.onNext(FluxContextWrite.java:107) ~[reactor-core-3.6.13.jar:3.6.13]
		at reactor.core.publisher.SinkManyEmitterProcessor.drain(SinkManyEmitterProcessor.java:476) ~[reactor-core-3.6.13.jar:3.6.13]
		at reactor.core.publisher.SinkManyEmitterProcessor$EmitterInner.drainParent(SinkManyEmitterProcessor.java:620) ~[reactor-core-3.6.13.jar:3.6.13]
		at reactor.core.publisher.FluxPublish$PubSubInner.request(FluxPublish.java:874) ~[reactor-core-3.6.13.jar:3.6.13]
		at reactor.core.publisher.FluxContextWrite$ContextWriteSubscriber.request(FluxContextWrite.java:136) ~[reactor-core-3.6.13.jar:3.6.13]
		at reactor.core.publisher.FluxConcatMapNoPrefetch$FluxConcatMapNoPrefetchSubscriber.request(FluxConcatMapNoPrefetch.java:337) ~[reactor-core-3.6.13.jar:3.6.13]
		at reactor.core.publisher.FluxContextWrite$ContextWriteSubscriber.request(FluxContextWrite.java:136) ~[reactor-core-3.6.13.jar:3.6.13]
		at reactor.core.publisher.Operators$DeferredSubscription.request(Operators.java:1743) ~[reactor-core-3.6.13.jar:3.6.13]
		at reactor.core.publisher.FluxRetryWhen$RetryWhenMainSubscriber.onError(FluxRetryWhen.java:196) ~[reactor-core-3.6.13.jar:3.6.13]
		at reactor.core.publisher.MonoCreate$DefaultMonoSink.error(MonoCreate.java:205) ~[reactor-core-3.6.13.jar:3.6.13]
		at reactor.netty.http.client.HttpClientConnect$MonoHttpConnect$ClientTransportSubscriber.onError(HttpClientConnect.java:328) ~[reactor-netty-http-1.1.26.jar:1.1.26]
		at reactor.core.publisher.MonoCreate$DefaultMonoSink.error(MonoCreate.java:205) ~[reactor-core-3.6.13.jar:3.6.13]
		at reactor.netty.resources.DefaultPooledConnectionProvider$DisposableAcquire.onError(DefaultPooledConnectionProvider.java:172) ~[reactor-netty-core-1.1.26.jar:1.1.26]
		at reactor.core.publisher.FluxContextWrite$ContextWriteSubscriber.onError(FluxContextWrite.java:121) ~[reactor-core-3.6.13.jar:3.6.13]
		at reactor.netty.internal.shaded.reactor.pool.AbstractPool$Borrower.fail(AbstractPool.java:480) ~[reactor-netty-core-1.1.26.jar:1.1.26]
		at reactor.netty.internal.shaded.reactor.pool.SimpleDequePool.lambda$drainLoop$9(SimpleDequePool.java:442) ~[reactor-netty-core-1.1.26.jar:1.1.26]
		at reactor.core.publisher.FluxDoOnEach$DoOnEachSubscriber.onError(FluxDoOnEach.java:186) ~[reactor-core-3.6.13.jar:3.6.13]
		at reactor.core.publisher.MonoCreate$DefaultMonoSink.error(MonoCreate.java:205) ~[reactor-core-3.6.13.jar:3.6.13]
		at reactor.netty.resources.DefaultPooledConnectionProvider$PooledConnectionAllocator$PooledConnectionInitializer.onError(DefaultPooledConnectionProvider.java:583) ~[reactor-netty-core-1.1.26.jar:1.1.26]
		at reactor.core.publisher.MonoFlatMap$FlatMapMain.secondError(MonoFlatMap.java:241) ~[reactor-core-3.6.13.jar:3.6.13]
		at reactor.core.publisher.MonoFlatMap$FlatMapInner.onError(MonoFlatMap.java:315) ~[reactor-core-3.6.13.jar:3.6.13]
		at reactor.core.publisher.FluxOnErrorResume$ResumeSubscriber.onError(FluxOnErrorResume.java:106) ~[reactor-core-3.6.13.jar:3.6.13]
		at reactor.core.publisher.Operators.error(Operators.java:198) ~[reactor-core-3.6.13.jar:3.6.13]
		at reactor.core.publisher.MonoError.subscribe(MonoError.java:53) ~[reactor-core-3.6.13.jar:3.6.13]
		at reactor.core.publisher.Mono.subscribe(Mono.java:4576) ~[reactor-core-3.6.13.jar:3.6.13]
		at reactor.core.publisher.FluxOnErrorResume$ResumeSubscriber.onError(FluxOnErrorResume.java:103) ~[reactor-core-3.6.13.jar:3.6.13]
		at reactor.netty.transport.TransportConnector$MonoChannelPromise.tryFailure(TransportConnector.java:576) ~[reactor-netty-core-1.1.26.jar:1.1.26]
		at reactor.netty.transport.TransportConnector$MonoChannelPromise.setFailure(TransportConnector.java:522) ~[reactor-netty-core-1.1.26.jar:1.1.26]
		at reactor.netty.transport.TransportConnector.lambda$doConnect$7(TransportConnector.java:261) ~[reactor-netty-core-1.1.26.jar:1.1.26]
		at io.netty.util.concurrent.DefaultPromise.notifyListener0(DefaultPromise.java:590) ~[netty-common-4.1.117.Final.jar:4.1.117.Final]
		at io.netty.util.concurrent.DefaultPromise.notifyListeners0(DefaultPromise.java:583) ~[netty-common-4.1.117.Final.jar:4.1.117.Final]
		at io.netty.util.concurrent.DefaultPromise.notifyListenersNow(DefaultPromise.java:559) ~[netty-common-4.1.117.Final.jar:4.1.117.Final]
		at io.netty.util.concurrent.DefaultPromise.notifyListeners(DefaultPromise.java:492) ~[netty-common-4.1.117.Final.jar:4.1.117.Final]
		at io.netty.util.concurrent.DefaultPromise.setValue0(DefaultPromise.java:636) ~[netty-common-4.1.117.Final.jar:4.1.117.Final]
		at io.netty.util.concurrent.DefaultPromise.setFailure0(DefaultPromise.java:629) ~[netty-common-4.1.117.Final.jar:4.1.117.Final]
		at io.netty.util.concurrent.DefaultPromise.tryFailure(DefaultPromise.java:118) ~[netty-common-4.1.117.Final.jar:4.1.117.Final]
		at io.netty.channel.epoll.AbstractEpollChannel$AbstractEpollUnsafe.fulfillConnectPromise(AbstractEpollChannel.java:679) ~[netty-transport-classes-epoll-4.1.117.Final.jar:4.1.117.Final]
		at io.netty.channel.epoll.AbstractEpollChannel$AbstractEpollUnsafe.finishConnect(AbstractEpollChannel.java:698) ~[netty-transport-classes-epoll-4.1.117.Final.jar:4.1.117.Final]
		at io.netty.channel.epoll.AbstractEpollChannel$AbstractEpollUnsafe.epollOutReady(AbstractEpollChannel.java:567) ~[netty-transport-classes-epoll-4.1.117.Final.jar:4.1.117.Final]
		at io.netty.channel.epoll.EpollEventLoop.processReady(EpollEventLoop.java:491) ~[netty-transport-classes-epoll-4.1.117.Final.jar:4.1.117.Final]
		at io.netty.channel.epoll.EpollEventLoop.run(EpollEventLoop.java:399) ~[netty-transport-classes-epoll-4.1.117.Final.jar:4.1.117.Final]
		at io.netty.util.concurrent.SingleThreadEventExecutor$4.run(SingleThreadEventExecutor.java:997) ~[netty-common-4.1.117.Final.jar:4.1.117.Final]
		at io.netty.util.internal.ThreadExecutorMap$2.run(ThreadExecutorMap.java:74) ~[netty-common-4.1.117.Final.jar:4.1.117.Final]
		at io.netty.util.concurrent.FastThreadLocalRunnable.run(FastThreadLocalRunnable.java:30) ~[netty-common-4.1.117.Final.jar:4.1.117.Final]
		at java.base/java.lang.Thread.run(Thread.java:840) ~[na:na]
Caused by: io.netty.channel.AbstractChannel$AnnotatedConnectException: finishConnect(..) failed: Connection refused: localhost/127.0.0.1:8085
Caused by: java.net.ConnectException: finishConnect(..) failed: Connection refused
	at io.netty.channel.unix.Errors.newConnectException0(Errors.java:166) ~[netty-transport-native-unix-common-4.1.117.Final.jar:4.1.117.Final]
	at io.netty.channel.unix.Errors.handleConnectErrno(Errors.java:131) ~[netty-transport-native-unix-common-4.1.117.Final.jar:4.1.117.Final]
	at io.netty.channel.unix.Socket.finishConnect(Socket.java:359) ~[netty-transport-native-unix-common-4.1.117.Final.jar:4.1.117.Final]
	at io.netty.channel.epoll.AbstractEpollChannel$AbstractEpollUnsafe.doFinishConnect(AbstractEpollChannel.java:715) ~[netty-transport-classes-epoll-4.1.117.Final.jar:4.1.117.Final]
	at io.netty.channel.epoll.AbstractEpollChannel$AbstractEpollUnsafe.finishConnect(AbstractEpollChannel.java:692) ~[netty-transport-classes-epoll-4.1.117.Final.jar:4.1.117.Final]
	at io.netty.channel.epoll.AbstractEpollChannel$AbstractEpollUnsafe.epollOutReady(AbstractEpollChannel.java:567) ~[netty-transport-classes-epoll-4.1.117.Final.jar:4.1.117.Final]
	at io.netty.channel.epoll.EpollEventLoop.processReady(EpollEventLoop.java:491) ~[netty-transport-classes-epoll-4.1.117.Final.jar:4.1.117.Final]
	at io.netty.channel.epoll.EpollEventLoop.run(EpollEventLoop.java:399) ~[netty-transport-classes-epoll-4.1.117.Final.jar:4.1.117.Final]
	at io.netty.util.concurrent.SingleThreadEventExecutor$4.run(SingleThreadEventExecutor.java:997) ~[netty-common-4.1.117.Final.jar:4.1.117.Final]
	at io.netty.util.internal.ThreadExecutorMap$2.run(ThreadExecutorMap.java:74) ~[netty-common-4.1.117.Final.jar:4.1.117.Final]
	at io.netty.util.concurrent.FastThreadLocalRunnable.run(FastThreadLocalRunnable.java:30) ~[netty-common-4.1.117.Final.jar:4.1.117.Final]
	at java.base/java.lang.Thread.run(Thread.java:840) ~[na:na]

]]></system-out>
  </testcase>
</testsuite>